<?xml version="1.0" encoding="UTF-8"?>
<testsuite name="SILab2Test" tests="1" skipped="0" failures="0" errors="0" timestamp="2023-05-29T22:12:58" hostname="DESKTOP-UUN2TBQ" time="0.045">
  <properties/>
  <testcase name="MultipleConditionTest1()" classname="SILab2Test" time="0.045"/>
  <system-out><![CDATA[]]></system-out>
  <system-err><![CDATA[]]></system-err>
</testsuite>
